#"Step","Potential Energy (kJ/mole)","Kinetic Energy (kJ/mole)","Total Energy (kJ/mole)","Temperature (K)","Box Volume (nm^3)","Speed (ns/day)"
5000,-2656223.1695753206,604297.2473754769,-2051925.9221998437,299.85396439838775,2344.6957825187847,0
10000,-2662806.4744585305,604357.4728292971,-2058449.0016292334,299.88384843503377,2331.990817250332,18.4
15000,-2665329.897346763,605103.8244434157,-2060226.0729033472,300.25419016884206,2320.509802488167,18.1
20000,-2667258.122579105,604795.2181338075,-2062462.9044452976,300.1010588650404,2304.4240848131385,18.3
25000,-2673169.1312792134,606460.0792230066,-2066709.0520562069,300.92716753910287,2296.6246728458527,18.3
30000,-2676442.7698396537,603141.066769709,-2073301.7030699449,299.280264386174,2285.6760618151475,18.2
35000,-2674633.277110638,604955.3753557923,-2069677.9017548459,300.1805293212567,2280.027119767247,18.1
40000,-2681295.683462685,605786.3660834688,-2075509.3173792162,300.59286921715113,2271.3819889200126,18.1
45000,-2681843.2373330854,602804.4070773424,-2079038.830255743,299.11321291630935,2268.337638739317,18.1
50000,-2681060.405175017,603485.9984347963,-2077574.4067402207,299.4514204317661,2267.3105670549735,18.1
55000,-2681975.581715796,605976.8656093888,-2075998.7161064073,300.68739560844483,2262.330829288478,18
60000,-2682350.3559399713,603423.6754023624,-2078926.680537609,299.4204955708143,2260.9445972784574,17.9
65000,-2681307.444445001,606572.9817092861,-2074734.4627357149,300.9831900648522,2258.656339866121,17.9
70000,-2683015.770900663,601652.0899324465,-2081363.6809682166,298.5414299640587,2258.3010162504424,17.9
75000,-2681462.979578927,605753.7784509996,-2075709.2011279275,300.57669914384917,2257.8378608884027,17.9
80000,-2682190.205452135,604587.6001963579,-2077602.605255777,299.9980382706311,2257.810694263696,17.9
85000,-2685494.510441724,605449.3058144554,-2080045.204627269,300.42561898004703,2254.6021171339407,17.8
90000,-2680458.5762739033,604975.560528622,-2075483.0157452812,300.19054525980573,2252.077973988358,17.8
95000,-2686265.8103281725,604869.3394788133,-2081396.4708493592,300.1378380813004,2250.079149163029,17.8
100000,-2686265.0550182257,605834.3966224601,-2080430.6583957656,300.61670210335285,2250.7637821463504,17.8
105000,-2687209.2973594908,604888.5397863418,-2082320.757573149,300.1473653269648,2250.003619106436,17.7
110000,-2686084.8164562993,604165.5306137481,-2081919.2858425512,299.7886061771586,2249.182435028797,17.7
115000,-2684306.966822434,606831.1812947767,-2077475.7855276575,301.1113094128248,2249.398588069352,17.7
120000,-2683346.239303883,605475.9107303414,-2077870.3285735417,300.4388204128445,2251.764796764448,17.7
125000,-2684483.6052575205,606718.7351648585,-2077764.870092662,301.0555133323633,2252.3630312985347,17.7
130000,-2685810.3435625024,602947.9539784683,-2082862.3895840342,299.1844412854052,2248.5490324458533,17.7
135000,-2686025.3819304965,605520.5305524886,-2080504.8513780078,300.4609608919212,2248.414969563848,17.7
140000,-2685524.4797796756,604761.2965035094,-2080763.1832761662,300.0842268583286,2248.4054346822404,17.6
145000,-2685869.9034311958,604095.4021074611,-2081774.5013237346,299.753808218507,2249.0065073713054,17.6
150000,-2685835.996279061,605564.911656973,-2080271.084622088,300.4829829186337,2249.8708355561307,17.6
155000,-2683378.294777412,602921.3472960478,-2080456.947481364,299.1712389760485,2250.2686387128692,17.6
160000,-2687783.871383887,605789.0633249014,-2081994.8080589855,300.594207595805,2247.425693438536,17.6
165000,-2686688.40825624,604689.4686641,-2081998.9395921403,300.0485856858847,2247.563008663362,17.6
170000,-2689285.52187925,604489.7920534703,-2084795.7298257798,299.94950559979293,2246.776492301609,17.6
175000,-2686643.213199593,606011.2960111881,-2080631.917188405,300.7044800689817,2246.8219867086477,17.6
180000,-2684078.644790003,602841.5016165653,-2081237.1431734378,299.13161932919934,2249.384781437033,17.6
185000,-2686753.5146968532,603124.2786895913,-2083629.236007262,299.2719340944181,2248.175744308457,17.6
190000,-2686716.1464432552,605540.5055472654,-2081175.6408959897,300.4708725395394,2248.0958148699196,17.5
195000,-2684552.241520025,605188.7016068599,-2079363.539913165,300.29630645193976,2248.2717976473537,17.5
200000,-2684823.6122691017,603619.0847869742,-2081204.5274821273,299.51745824756154,2247.188839383764,17.5
205000,-2684629.082975803,605484.5214040498,-2079144.5615717531,300.44309305293814,2245.4509649108236,17.5
210000,-2687709.822460385,604144.8972018304,-2083564.9252585545,299.77836782113525,2245.7478851281394,17.5
215000,-2685052.072542947,604340.3436597914,-2080711.7288831554,299.8753488937808,2246.463171659668,17.5
220000,-2687022.799101962,605514.5882468965,-2081508.2108550654,300.4580123034621,2245.152308347329,17.5
225000,-2684472.8167343084,604216.8520745968,-2080255.9646597116,299.814072027882,2246.0582570601277,17.5
230000,-2688239.939605031,604775.8500896413,-2083464.0895153899,300.09144838799267,2244.52315375432,17.5
235000,-2685849.1525882464,603833.7182436334,-2082015.434344613,299.62395996199314,2244.274514887751,17.4
240000,-2687082.415267458,606004.006982677,-2081078.408284781,300.70086323288797,2246.4303252117165,17.4
245000,-2684701.507484922,604758.2657573592,-2079943.241727563,300.082722993712,2246.492480009733,17.4
250000,-2683187.673641909,604890.375002944,-2078297.298638965,300.14827596651526,2245.176822572189,17.4
255000,-2687105.1820104346,604024.8799624094,-2083080.3020480252,299.71881493521227,2244.6498296993764,17.4
260000,-2684009.9188666865,606742.6337032131,-2077267.2851634733,301.0673718531493,2246.0042407717915,17.4
265000,-2687607.7318316717,603933.8403963529,-2083673.8914353186,299.6736408509057,2245.2033265989858,17.4
270000,-2683808.884691963,604611.6324295889,-2079197.252262374,300.00996313118446,2247.343477146415,17.4
275000,-2686612.4372920226,605372.8870724062,-2081239.5502196164,300.3876997890243,2246.4170153732052,17.4
280000,-2686472.3349729516,605425.2395419718,-2081047.0954309797,300.41367722912264,2246.0539269597366,17.4
285000,-2685112.2389111277,605607.7058782344,-2079504.5330328932,300.5042175295049,2245.054695930834,17.4
290000,-2685231.7497981973,605357.4405315781,-2079874.3092666192,300.38003517277184,2248.4093765130674,17.4
295000,-2685574.9407065213,605231.5699247915,-2080343.37078173,300.31757782978354,2245.6553738425087,17.4
300000,-2684140.1973839104,603097.9262473261,-2081042.2711365842,299.2588579397291,2247.679042876691,17.4
305000,-2686333.612831071,602210.9076277805,-2084122.7052032906,298.8187168490306,2250.688145898882,17.4
310000,-2686322.126926761,604127.563642147,-2082194.5632846141,299.76976686091115,2248.2514465298827,17.4
315000,-2685828.4092859197,604815.4994583119,-2081012.9098276077,300.11112251431615,2248.720337026541,17.3
320000,-2685260.258654289,604654.1192374408,-2080606.1394168483,300.03104520267215,2246.9466324989394,17.3
325000,-2687133.5914382488,603150.0088838837,-2083983.582554365,299.2847014879431,2246.243920051362,17.3
330000,-2685053.4512164537,606639.1381503163,-2078414.3130661375,301.0160170737449,2244.9118043034005,17.3
335000,-2684066.598854784,606362.7363052308,-2077703.8625495532,300.878865714251,2246.1740329667814,17.3
340000,-2685374.316164607,606485.824688634,-2078888.4914759733,300.93994251030654,2247.0947463735038,17.3
345000,-2684407.025991533,604142.8286320429,-2080264.1973594902,299.77734139108924,2248.984284355085,17.3
350000,-2686485.7048101425,605017.571423861,-2081468.1333862816,300.2113911821395,2247.8641850160116,17.3
355000,-2684655.8895519674,605740.169775935,-2078915.7197760325,300.5699464816683,2248.7173589741187,17.3
360000,-2684164.790134864,606203.5258463288,-2077961.264288535,300.79986504449323,2250.0386313270465,17.3
365000,-2684198.6886689775,607549.2790816228,-2076649.4095873546,301.46763151944816,2251.7271263784455,17.3
370000,-2684423.5129283797,604504.0068978328,-2079919.506030547,299.9565590448548,2250.070193538159,17.3
375000,-2684527.9341533426,602663.3251949789,-2081864.6089583638,299.0432076963365,2248.6435534275324,17.3
380000,-2686371.256316213,603514.5322223133,-2082856.7240938996,299.4655789759982,2251.800765159755,17.3
385000,-2683997.6316709407,605267.9863725647,-2078729.645298376,300.33564777182204,2249.849956209975,17.3
390000,-2686923.480112372,603807.4055455027,-2083116.0745668693,299.61090352845355,2249.20652957533,17.3
395000,-2686256.02934549,605464.1172553716,-2080791.9120901185,300.4329684579679,2250.7751040497537,17.3
400000,-2682619.292154722,605619.3644999822,-2076999.9276547397,300.51000256984014,2251.2681332348698,17.3
405000,-2684022.6543942783,603044.7101776811,-2080977.9442165974,299.23245197888446,2251.417815790851,17.3
410000,-2685564.412548151,604331.3192972639,-2081233.093250887,299.8708709801517,2250.9977811555946,17.3
415000,-2686903.1365720797,603492.2513315331,-2083410.8852405467,299.4545231364096,2249.0116736056825,17.3
420000,-2686629.451930333,603750.1257632154,-2082879.3261671176,299.5824811421638,2249.110971258962,17.3
425000,-2684776.573326526,604800.4285991243,-2079976.144727402,300.10364431233205,2248.9051032905213,17.3
430000,-2684725.0183937307,605037.0229797525,-2079687.9954139781,300.2210430979361,2249.9933011543485,17.3
435000,-2685090.558763478,603917.0204159687,-2081173.5383475092,299.6652947301494,2249.7104696963706,17.3
440000,-2685164.884032104,605728.6324149782,-2079436.251617126,300.5642216112728,2248.8807965853216,17.3
445000,-2684965.625101017,603581.8663880297,-2081383.7587129872,299.49899037513524,2250.43682690381,17.3
450000,-2685041.1999655254,606373.3312703844,-2078667.868695141,300.8841229652443,2248.4953501659406,17.3
455000,-2686804.2911204677,603450.6637263352,-2083353.6273941325,299.43388725176413,2247.1729468040776,17.3
460000,-2688308.6731682066,604198.2317264603,-2084110.4414417464,299.80483255967084,2242.833579242866,17.3
465000,-2687378.0651734862,605357.6900985031,-2082020.375074983,300.3801590085698,2243.78359622774,17.3
470000,-2686824.767035162,603882.0313810946,-2082942.7356540675,299.6479330743367,2243.8600270161523,17.2
475000,-2686570.223180605,602954.4169858191,-2083615.806194786,299.18764824751617,2247.117646233869,17.2
480000,-2686757.205673253,606101.5475989749,-2080655.6580742784,300.7492631562929,2246.4061702748527,17.2
485000,-2683711.9992630538,604852.1467809672,-2078859.8524820865,300.1293070171093,2246.7978791467863,17.2
490000,-2687686.3168902546,603818.6599368481,-2083867.6569534065,299.61648798854577,2246.213089111913,17.2
495000,-2686383.9198307227,603339.4487639706,-2083044.471066752,299.3787020800456,2246.736570588135,17.2
500000,-2687353.1175794117,606289.4088609857,-2081063.708718426,300.84248043374276,2248.5229274749604,17.2
505000,-2684619.056215329,605477.4314539453,-2079141.6247613837,300.4395750001,2246.9950344317303,17.2
510000,-2688283.6602985244,604057.993404076,-2084225.6668944485,299.73524591649124,2245.1545710424334,17.2
515000,-2687492.7671328187,604715.3807735645,-2082777.3863592544,300.06144334622087,2245.6680737715833,17.2
520000,-2687060.9066353627,603409.921992624,-2083650.9846427387,299.4136710908883,2245.3806488306977,17.2
525000,-2686510.2410890553,604927.816332041,-2081582.4247570143,300.1668544574994,2245.7492988190893,17.2
530000,-2688103.9178347606,603123.7266220496,-2084980.191212711,299.27166015697804,2245.499028710753,17.2
535000,-2686848.699391719,606036.2331459869,-2080812.466245732,300.716853944194,2243.76347794464,17.2
540000,-2687759.614598943,605080.9323371637,-2082678.6822617792,300.2428310424471,2245.0386388340576,17.2
545000,-2685979.6191010587,604683.7020580046,-2081295.917043054,300.0457242800015,2243.752289591445,17.2
550000,-2685454.6794300284,605889.1373242446,-2079565.5421057837,300.64386459087916,2244.3389124863834,17.2
555000,-2685286.0756496005,604013.9729993263,-2081272.102650274,299.71340286998407,2244.6254996568623,17.2
560000,-2685649.5360918827,606524.0881288178,-2079125.447963065,300.9589289350842,2243.6233198692707,17.2
565000,-2685531.2508524917,604719.4983836843,-2080811.7524688074,300.0634865157432,2244.5572329941674,17.2
570000,-2687003.263627978,603212.7469700326,-2083790.5166579455,299.31583229969544,2245.112422829559,17.2
575000,-2685499.2459091544,603634.0046860382,-2081865.2412231162,299.52486154271503,2243.1122149788475,17.2
580000,-2685093.53604958,604584.0191333833,-2080509.5169161968,299.99626133728526,2245.0616488813894,17.2
585000,-2686777.5282711796,602684.2254421317,-2084093.302829048,299.0535784567411,2244.133804507593,17.2
590000,-2683695.6913626473,605419.8961463856,-2078275.7952162619,300.41102582146385,2243.623444811758,17.2
595000,-2683571.9701812454,604759.9057208549,-2078812.0644603905,300.0835367481314,2245.39898523649,17.2
600000,-2682524.7742615193,604874.7374633435,-2077650.036798176,300.140516576144,2246.55129662974,17.2
605000,-2685610.398764994,605080.2418191573,-2080530.1569458367,300.2424884055037,2248.750724952409,17.2
610000,-2684625.001923682,605939.4079139074,-2078685.5940097747,300.6688089964156,2250.551929438521,17.2
615000,-2683974.1771541256,605357.135191687,-2078617.0419624387,300.3798836622739,2249.8065333090594,17.2
620000,-2683537.184869958,608222.7707128007,-2075314.4141571573,301.80181992833946,2249.468816841216,17.2
625000,-2686324.9613853004,605530.4263333182,-2080794.5350519822,300.4658712057203,2248.917450453964,17.2
630000,-2684986.593924865,606448.9435500951,-2078537.6503747702,300.9216419874257,2250.504012051699,17.2
635000,-2683604.2741650846,604049.8602271567,-2079554.413937928,299.7312102116242,2247.8773153149277,17.2
640000,-2680642.921101244,604697.9131145228,-2075945.0079867213,300.0527758455246,2248.968685801178,17.2
645000,-2683129.4939447753,605909.8305006573,-2077219.663444118,300.6541326022102,2246.042090804063,17.2
650000,-2683022.7826804984,606203.7692456801,-2076819.0134348185,300.7999858199241,2245.338584368233,17.2
655000,-2685216.2782009467,603289.4227085623,-2081926.8554923844,299.35387901308223,2246.56278571525,17.2
660000,-2684994.881084012,606553.3611970379,-2078441.519886974,300.9734543124444,2245.0924259978556,17.2
665000,-2684080.1818264145,606366.4770941988,-2077713.7047322157,300.8807219040763,2246.153431773105,17.2
670000,-2687717.483485095,604773.8760609489,-2082943.6074241463,300.09046886949943,2243.4665659403167,17.2
675000,-2685044.69777607,605138.9008975857,-2079905.796878484,300.27159520235097,2247.3899089032143,17.2
680000,-2685351.171231659,604382.1119037465,-2080969.0593279125,299.8960744118769,2247.148293629551,17.2
685000,-2685767.2283362634,606032.910951799,-2079734.3173844644,300.7152054622556,2244.0080481158448,17.2
690000,-2681168.65085979,603703.7563127405,-2077464.8945470494,299.55947249267507,2247.342907596363,17.2
695000,-2686419.0259385686,604637.2583923596,-2081781.767546209,300.0226788047403,2244.6817345651566,17.2
700000,-2686026.1680110022,606008.4978571724,-2080017.6701538297,300.70309161722514,2242.4881418378422,17.2
705000,-2687225.2850463465,605777.3177863571,-2081447.9672599894,300.58837942711517,2241.212765410699,17.2
710000,-2685085.250556154,604630.8671296043,-2080454.3834265498,300.01950744249586,2242.456211092207,17.2
715000,-2685304.4959219377,603339.0795517286,-2081965.4163702093,299.37851887591063,2241.7400727770637,17.1
720000,-2684541.091190994,606689.6223321146,-2077851.468858879,301.0410674642892,2242.713547540772,17.1
725000,-2683988.5726852417,605425.9500775068,-2078562.622607735,300.414029798819,2242.4529922321854,17.1
730000,-2686520.7795541976,604008.1960480597,-2082512.5835061378,299.71053633079833,2242.0851355870236,17.1
735000,-2685216.4821706135,605810.4561394377,-2079406.0260311756,300.6048227695067,2242.3131805192625,17.1
740000,-2688533.32616953,604765.8718867678,-2083767.454282762,300.08649717614753,2241.8731589009017,17.1
745000,-2685092.822795436,606008.691470326,-2079084.1313251099,300.70318768860716,2242.72535485422,17.1
750000,-2685003.0163596757,604601.7294952052,-2080401.2868644705,300.00504926777194,2241.8454469726034,17.1
755000,-2685094.1856866647,603817.6569922813,-2081276.5286943833,299.6159903246796,2241.5706235210364,17.1
760000,-2687285.096847456,605518.0706630368,-2081767.0261844192,300.4597402879761,2242.4877524132635,17.1
765000,-2685637.848453587,604124.80050922,-2081513.047944367,299.7683957867156,2244.901978112579,17.1
770000,-2686822.8036651406,605184.7776011662,-2081638.0260639745,300.2943593494687,2244.176437975418,17.1
775000,-2684138.3637996484,604732.553665818,-2079405.8101338304,300.06996458282214,2243.183865342034,17.1
780000,-2685683.57099198,602872.0380317065,-2082811.5329602733,299.1467715827937,2241.145526655865,17.1
785000,-2685998.7904556394,606033.4901990548,-2079965.3002565845,300.7154928863449,2243.1279555926108,17.1
790000,-2685311.131886469,602746.8184917616,-2082564.3133947076,299.0846373009718,2240.199261106738,17.1
795000,-2685182.098947618,605443.7750717481,-2079738.32387587,300.422874610229,2244.1322621543572,17.1
800000,-2682785.4577633515,604663.1922611538,-2078122.2655021977,300.035547262116,2242.9646468882775,17.1
805000,-2685773.9785535317,605575.746241574,-2080198.2323119577,300.488359069459,2242.5755275126917,17.1
810000,-2684857.719689466,605662.290659068,-2079195.429030398,300.5313026486245,2243.046812122999,17.1
815000,-2686395.7232203204,602861.2182288567,-2083534.5049914639,299.1414027667142,2244.1657638293145,17.1
820000,-2684810.3824001234,605260.6403855972,-2079549.7420145262,300.3320026727848,2245.2918990337976,17.1
825000,-2683767.7801942416,603389.480811307,-2080378.2993829346,299.40352812022024,2245.6254612123084,17.1
830000,-2685735.0914236866,607616.1814247145,-2078118.909998972,301.50082864700533,2243.9053707583316,17.1
835000,-2686188.404533865,604193.9578733791,-2081994.4466604858,299.8027118619592,2242.9669515350156,17.1
840000,-2686142.127674857,605041.3039204138,-2081100.8237544433,300.2231673125246,2243.311637680907,17.1
845000,-2684899.5157217663,603690.4008048412,-2081209.114916925,299.5528454527414,2240.7125314318764,17.1
850000,-2687729.0114286263,606131.2932998196,-2081597.7181288067,300.76402305526784,2241.7480489858526,17.1
855000,-2684608.5612407476,603983.0879298036,-2080625.473310944,299.69807761312194,2240.3414218041225,17.1
860000,-2687085.979128478,602882.916019136,-2084203.063109342,299.1521692702225,2240.6550506371545,17.1
865000,-2685141.739968097,602473.7676374812,-2082667.9723306156,298.9491487123775,2240.3499921140183,17.1
870000,-2687469.3882210124,603277.0301147305,-2084192.358106282,299.34772977377025,2238.5877184913206,17.1
875000,-2688093.5891775563,604705.0648305821,-2083388.5243469742,300.0563245468003,2235.2903439028155,17.1
880000,-2686795.9411860984,605370.3370099844,-2081425.6041761138,300.38643444100234,2238.9502007818664,17.1
885000,-2683596.7474895343,603472.4166249202,-2080124.330864614,299.444681100166,2237.7782737469875,17.1
890000,-2682032.064173421,605283.5178151423,-2076748.5463582785,300.34335451655727,2239.9539926903067,17.1
895000,-2687928.373784149,605693.9377394647,-2082234.4360446844,300.5470060173884,2238.9240220229826,17.1
900000,-2689004.2744714357,604621.2811914872,-2084382.9932799484,300.01475087350707,2239.2205748537226,17.1
905000,-2686916.810480248,604748.9880211203,-2082167.8224591278,300.078119355347,2240.5035355584737,17.1
910000,-2687134.6092856396,604918.1962207744,-2082216.4130648652,300.16208093169934,2240.5003078216987,17.1
915000,-2687984.225357674,604723.8314283778,-2083260.3939292962,300.0656365844965,2239.435347057743,17.1
920000,-2686201.007545572,602554.2180725178,-2083646.789473054,298.98906844060406,2238.6321033118993,17.1
925000,-2682183.7631228883,604726.9992553046,-2077456.7638675836,300.06720846897326,2241.3110493512168,17.1
930000,-2688886.9333067797,605121.8248170736,-2083765.1084897062,300.2631220040033,2240.8895666042063,17.1
935000,-2688830.599816961,603288.3877357112,-2085542.21208125,299.35336545669287,2240.584020899504,17.1
940000,-2687174.9332030937,604083.974421535,-2083090.9587815586,299.7481377691649,2237.7199961696488,17.1
945000,-2688741.4149719663,605963.9727261015,-2082777.4422458648,300.6809981241223,2236.820340656959,17.1
950000,-2685441.733499421,605078.6669525661,-2080363.0665468546,300.2417069523483,2239.3970717551965,17.1
955000,-2685794.689964775,605307.6268825112,-2080487.0630822638,300.3553175024221,2239.9543888268067,17.1
960000,-2687504.7561112847,604481.57417429,-2083023.1819369947,299.9454278654299,2240.395149777815,17.1
965000,-2684836.2262620926,606466.1074297888,-2078370.1188323037,300.9301587519699,2244.483557165764,17.1
970000,-2686488.506564688,604609.8131953935,-2081878.6933692945,300.00906042214837,2241.211418281516,17.1
975000,-2682982.5375056844,605754.2215194888,-2077228.3159861956,300.5769189956581,2240.1342512134706,17.1
980000,-2683354.1996349115,604970.9226480732,-2078383.2769868383,300.1882439306585,2241.6026771544334,17.1
985000,-2681753.6356698032,605982.1660045513,-2075771.469665252,300.69002567917454,2241.930769798206,17.1
990000,-2684835.3822920695,604946.6721126982,-2079888.7101793713,300.176210747978,2242.692869770663,17.1
995000,-2687061.1092887074,605071.4485373029,-2081989.6607514045,300.23812515474333,2242.7500850132997,17.1
1000000,-2683288.979748575,601865.3256018001,-2081423.654146775,298.6472380925659,2241.9421740137004,17.1
1005000,-2685618.650239786,603339.7937375777,-2082278.8565022084,299.378873256903,2241.4527606157035,17.1
1010000,-2685106.156074131,603619.2951671379,-2081486.860906993,299.5175626387802,2242.4941444745787,17.1
1015000,-2685859.3450814877,606748.6732551211,-2079110.6718263666,301.07036869549916,2241.7951128427408,17.1
1020000,-2686599.2228274755,604982.6672869743,-2081616.5555405011,300.1940716529428,2243.3702558368495,17.1
1025000,-2686225.7713789567,602785.5060458436,-2083440.2653331133,299.103834172238,2244.7451770630273,17.1
1030000,-2687152.836629903,601217.0817347296,-2085935.7548951735,298.3255776940083,2242.811741642603,17.1
1035000,-2686966.1166856214,603950.5183084838,-2083015.5983771377,299.68191647700206,2241.2640420280654,17.1
1040000,-2686712.221421806,604032.121084688,-2082680.1003371181,299.72240800010104,2240.0060284968104,17.1
1045000,-2687414.300172314,604034.7566827061,-2083379.543489608,299.7237157911223,2240.679812237196,17.1
1050000,-2686079.141616419,604892.4672528033,-2081186.6743636157,300.14931414667836,2241.433961243302,17.1
1055000,-2687734.9916997775,605762.2813554747,-2081972.710344303,300.5809183085513,2241.586374616857,17.1
1060000,-2686370.6553423107,603120.9143663356,-2083249.740975975,299.2702647079198,2244.5045840021253,17.1
1065000,-2686426.2286093514,604625.7151720055,-2081800.513437346,300.0169510268956,2242.164297115561,17.1
1070000,-2685267.5738322865,605798.7358142575,-2079468.838018029,300.5990071117578,2241.5052719665227,17.1
1075000,-2686412.7267697323,603718.2009230994,-2082694.525846633,299.5666399482594,2241.265941175473,17.1
1080000,-2689598.6000160314,606544.4279485891,-2083054.1720674424,300.96902160987304,2240.9314918186633,17.1
1085000,-2687896.2340343297,605656.3201524087,-2082239.913881921,300.52834006671793,2243.5601869639077,17.1
1090000,-2683693.172249129,606560.9412634084,-2077132.2309857206,300.9772155623284,2245.2648449025583,17.1
1095000,-2688010.473278895,603969.2877062449,-2084041.1855726503,299.6912299040489,2244.2425505806063,17.1
1100000,-2686862.776005598,603092.0725213096,-2083770.7034842882,299.25595330470026,2241.5640955971,17.1
1105000,-2684802.6921270676,605328.2729162578,-2079474.4192108097,300.3655621214319,2242.522411074367,17.1
1110000,-2684587.3783366624,605158.5551213115,-2079428.823215351,300.2813476824871,2241.7212159670726,17.1
1115000,-2684648.663040202,605376.3140336962,-2079272.349006506,300.3894002566883,2241.955649381177,17.1
1120000,-2685726.6238855477,604052.231526205,-2081674.392359343,299.73238685676614,2242.007419485815,17.1
1125000,-2685414.43582331,602985.47394838,-2082428.9618749302,299.2030587981789,2241.2577259721584,17.1
1130000,-2688682.085528301,603907.8291220018,-2084774.2564062993,299.6607339846787,2240.829423555589,17.1
1135000,-2686609.127176378,606104.1415116562,-2080504.9856647216,300.75055026293484,2241.897514220393,17.1
1140000,-2684007.164211724,607366.1152723443,-2076641.0489393796,301.3767451310275,2243.6378740692758,17.1
1145000,-2685788.539385764,605745.8710326848,-2080042.6683530791,300.57277546102557,2243.800346003981,17.1
1150000,-2684688.0091959555,604656.9522990655,-2080031.05689689,300.03245097568083,2243.34668166334,17.1
1155000,-2685886.0276570674,604942.641898129,-2080943.3857589383,300.1742109443694,2243.058847628942,17.1
1160000,-2683956.4544692505,606389.2185458395,-2077567.2359234109,300.89200627523684,2241.9852081723343,17.1
1165000,-2686570.9372688755,605642.3084247605,-2080928.628844115,300.5213874087311,2240.94773245818,17.1
1170000,-2687347.053640386,605520.8932283897,-2081826.1604119963,300.4611408527057,2240.6460657865096,17.1
1175000,-2683639.4240921643,605401.2961080467,-2078238.1279841177,300.4017964310304,2241.6616528251,17.1
1180000,-2686168.9908021186,605805.0478170788,-2080363.9429850397,300.60213914500383,2240.7808266614174,17.1
1185000,-2684463.199143911,605567.8366818598,-2078895.362462051,300.4844343240672,2241.0973850898736,17.1
1190000,-2682566.6168274377,607050.6473847202,-2075515.9694427175,301.22020909324925,2240.818479720437,17.1
1195000,-2685461.309977755,604847.4251276797,-2080613.8848500752,300.12696411969756,2242.1788166473743,17.1
1200000,-2689409.9673066456,604597.5506931781,-2084812.4166134675,300.00297573465605,2240.7251553339975,17.1
1205000,-2685535.536570227,604160.2214250276,-2081375.3151451992,299.78597174304116,2239.9579999068874,17.1
1210000,-2686136.215946663,604790.7499764209,-2081345.4659702424,300.0988417529953,2240.201487449919,17.1
1215000,-2689111.302428318,605711.1319512726,-2083400.1704770457,300.5555378328116,2240.4245425300123,17.1
1220000,-2684189.7229720894,604625.8962682104,-2079563.826703879,300.017040887333,2240.712503552502,17.1
1225000,-2685322.7796738613,603393.0434375211,-2081929.7362363404,299.40529590519463,2240.902160559256,17.1
1230000,-2685833.904857116,601832.1395816127,-2084001.765275503,298.6307710976241,2240.9637914178525,17.1
1235000,-2685452.315609021,605144.8658531059,-2080307.4497559152,300.274555029767,2243.1601192865205,17.1
1240000,-2682652.505173713,605401.2388262863,-2077251.2663474267,300.40176800766255,2243.6860784080463,17.1
1245000,-2686644.1554541364,604409.9389813484,-2082234.216472788,299.9098822846958,2241.596363929397,17.1
1250000,-2689419.2541149054,605595.1090557858,-2083824.1450591194,300.4979669513889,2242.5652980171926,17.1
1255000,-2687602.6765360534,601629.496235946,-2085973.1803001075,298.53021890940715,2242.1938298504065,17.1
1260000,-2684623.098463353,604443.5707045038,-2080179.5277588489,299.92657043868206,2244.8750325933697,17.1
1265000,-2683035.007612027,604450.3357855557,-2078584.6718264716,299.92992729059836,2244.094557198631,17.1
1270000,-2683270.670584537,601989.8629481598,-2081280.8076363774,298.7090338680452,2244.6014037401087,17.1
1275000,-2684879.7413241845,604285.8699972103,-2080593.8713269741,299.8483189118453,2239.923018787156,17.1
1280000,-2687373.6178377774,605553.7728790607,-2081819.8449587165,300.47745582624657,2239.6287812066107,17.1
1285000,-2686193.701978501,602978.3167929347,-2083215.3851855663,299.19950739786486,2241.3944395085364,17.1
1290000,-2685813.1104872487,604444.263312639,-2081368.8471746098,299.9269141127531,2238.549563514736,17.1
1295000,-2685963.2359725256,606246.9884129942,-2079716.2475595314,300.82143129020125,2238.765845950255,17.1
1300000,-2686072.4171470758,605533.1055853054,-2080539.3115617703,300.46720065796165,2241.0020056731246,17.1
1305000,-2685084.6623973716,604191.7042614615,-2080892.95813591,299.80159361349683,2239.251201846955,17.1
1310000,-2688579.433548471,603057.664247446,-2085521.769301025,299.2388798241062,2240.627546349935,17.1
1315000,-2685523.7950166576,606328.8873279529,-2079194.9076887048,300.8620697581687,2240.8375626672405,17.1
1320000,-2687316.820346156,604383.5651374084,-2082933.2552087477,299.8967955104366,2240.833344520084,17.1
1325000,-2686402.43868424,606604.2471036577,-2079798.1915805824,300.99870403995556,2241.3424126635164,17.1
1330000,-2683568.336854538,607333.2909820058,-2076235.0458725323,301.3604576274367,2239.724104805709,17.1
1335000,-2685777.105163602,603973.8467105367,-2081803.2584530655,299.6934920945794,2241.1476412329534,17.1
1340000,-2685846.180301301,605385.0475505288,-2080461.1327507724,300.39373385187974,2242.697207112144,17.1
1345000,-2683398.221740281,605864.5368067058,-2077533.6849335753,300.6316577460817,2242.318492394226,17.1
1350000,-2686421.4750982113,604666.152620189,-2081755.3224780224,300.03701620045155,2243.6669882282895,17.1
1355000,-2687711.129250368,601922.4738469832,-2085788.655403385,298.67559520978085,2242.065962372829,17.1
1360000,-2682621.8888570108,606152.5589556816,-2076469.3299013292,300.7745751324839,2243.9162672386356,17.1
1365000,-2686870.475129565,604863.2278528456,-2082007.2472767197,300.1348054756029,2242.555050668711,17.1
1370000,-2684003.8370053377,606700.7390589893,-2077303.0979463484,301.04658361489055,2242.8445652398714,17.1
1375000,-2682848.7289770395,605057.7155740152,-2077791.0134030243,300.23131082040265,2243.5040185469884,17.1
1380000,-2684778.5388820153,603455.690386056,-2081322.8484959593,299.43638149421105,2244.77088051521,17.1
1385000,-2684737.127963364,607466.4651036621,-2077270.662859702,301.4265389946899,2246.488061596162,17.1
1390000,-2686818.7414222453,604900.5716152601,-2081918.1698069852,300.15333555372945,2243.799487943466,17.1
1395000,-2686779.1651757173,605895.5011704077,-2080883.6640053096,300.64702234893474,2244.140263033716,17.1
1400000,-2682563.86417865,604446.1065682073,-2078117.7576104428,299.9278287412607,2242.216709371054,17.1
1405000,-2686233.2181766685,602953.2648144494,-2083279.953362219,299.1870765368979,2241.47395589712,17.1
1410000,-2684853.9108876903,604321.1894589734,-2080532.721428717,299.8658445263935,2241.9011817800833,17.1
1415000,-2684021.938748585,604975.8682660888,-2079046.0704824962,300.1906979599873,2242.4401905553914,17.1
1420000,-2686897.902528608,604409.6476341835,-2082488.2548944247,299.9097377174273,2245.433090291653,17.1
1425000,-2682459.044302948,606782.0860863082,-2075676.9582166397,301.0869482346858,2245.1114981616347,17.1
1430000,-2684261.2453709934,604713.0616102758,-2079548.1837607175,300.060292570987,2244.8702383989926,17.1
1435000,-2685560.729022937,607588.5295384951,-2077972.199484442,301.48710770463464,2246.814963761303,17.1
1440000,-2682449.4507079795,603941.2484885348,-2078508.2022194448,299.677316766722,2245.283170572649,17.1
1445000,-2682247.7296622526,603950.1926910188,-2078297.5369712338,299.68175490471594,2243.575696211679,17.1
1450000,-2685102.276251981,606306.7008944306,-2078795.5753575503,300.8510607885326,2241.578989055224,17.1
1455000,-2681274.9175482374,604168.0687168306,-2077106.8488314068,299.78986559092334,2242.946861934266,17.1
1460000,-2685646.2271202784,606974.1027852921,-2078672.1243349863,301.1822274514472,2243.1185966421126,17.1
1465000,-2685393.4281823747,606123.5921942627,-2079269.835988112,300.76020174540497,2245.0894031135313,17.1
1470000,-2685641.963976208,605430.2300957773,-2080211.733880431,300.41615355571463,2244.534008304534,17.1
1475000,-2686042.3185590412,606477.4813662571,-2079564.837192784,300.9358025306825,2242.7742026802034,17.1
1480000,-2686939.5522930454,602935.1538561721,-2084004.3984368732,299.1780898293429,2238.45772802905,17.1
1485000,-2686190.836855227,605851.7811575113,-2080339.0556977158,300.62532835769537,2241.491674399881,17.1
1490000,-2682759.513894161,603735.4231711554,-2079024.0907230058,299.57518567534635,2240.674486933098,17.1
1495000,-2685581.490844777,603114.5710549016,-2082466.9197898754,299.26711713925357,2241.333284000831,17.1
1500000,-2685313.1022408474,603614.3135558111,-2081698.7886850364,299.5150907494709,2241.454893513267,17.1
1505000,-2685112.987208333,603399.676029697,-2081713.3111786358,299.4085870157645,2242.5933461355767,17.1
1510000,-2686849.2826036867,603386.748562635,-2083462.5340410518,299.40217237087745,2240.910737231224,17.1
1515000,-2689424.291335698,605940.9998151879,-2083483.2915205103,300.66959890223086,2240.2326428762885,17.1
1520000,-2683059.8337467276,602531.446480362,-2080528.3872663656,298.9777691136367,2238.522198755476,17.1
1525000,-2683407.3247915525,605282.5568426959,-2078124.7679488566,300.34287767937326,2240.58919353044,17.1
1530000,-2686097.9105150606,605599.9701473347,-2080497.940367726,300.50037903845134,2240.254253326111,17.1
1535000,-2685201.1142404824,604008.3416864648,-2081192.7725540176,299.7106085969775,2239.228031146464,17.1
1540000,-2687447.935008282,605069.3090771281,-2082378.6259311538,300.23706354869125,2239.8874594951894,17.1
1545000,-2685786.382172674,603628.2890789409,-2082158.093093733,299.52202544267567,2236.4624290053453,17.1
1550000,-2686400.709008893,604002.6967489982,-2082398.0122598947,299.70780756340423,2238.8347785265714,17.1
1555000,-2685956.645051347,604764.1575605709,-2081192.4874907762,300.0856465227503,2238.976908955188,17.1
1560000,-2685157.0855503455,604454.8664610565,-2080702.219089289,299.9321754243045,2239.756058279667,17.1
1565000,-2685974.751260778,607229.6573470467,-2078745.0939137312,301.3090343313312,2241.1036797707907,17.1
1570000,-2685029.483633904,605061.2665026397,-2079968.217131264,300.23307280100073,2243.6808519407778,17.1
1575000,-2683922.4137000106,605302.1653524864,-2078620.248347524,300.3526074761284,2242.4951640705194,17.1
1580000,-2685328.5144794323,604633.0686658534,-2080695.445813579,300.0205998508676,2241.113931897049,17.1
1585000,-2687641.992973853,603750.4785272386,-2083891.5144466143,299.58265618464713,2237.6073089407864,17.1
1590000,-2687503.831811294,604858.0519884902,-2082645.7798228038,300.13223719740387,2237.5895902769444,17.1
1595000,-2686266.668681653,604345.0456422039,-2081921.6230394493,299.87768203044993,2238.8925092376717,17.1
1600000,-2685828.237264445,606135.2565062012,-2079692.9807582437,300.76598960922854,2238.7875170326474,17.1
1605000,-2687164.6164329667,606765.9037209924,-2080398.7127119743,301.07891850028875,2239.2615119304114,17.1
1610000,-2687197.0595438275,604708.3543677925,-2082488.705176035,300.05795682425617,2241.1290812454426,17.1
1615000,-2685501.186737636,602216.3835431597,-2083284.8031944763,298.82143401337703,2241.922770851658,17.1
1620000,-2686329.645177489,605306.2890043696,-2081023.3561731195,300.35465364359044,2240.3724875882267,17.1
1625000,-2686748.9796151314,604763.8975394758,-2081985.0820756555,300.0855174995643,2239.768534887183,17.1
1630000,-2684608.325337235,606743.3493035524,-2077864.9760336825,301.06772693601556,2241.0683910701096,17.1
1635000,-2684668.259680787,608424.4202812784,-2076243.8393995087,301.90187900156855,2242.3285919542386,17.1
1640000,-2683956.774328841,607532.3800983776,-2076424.3942304633,301.45924619725383,2240.5916382932637,17.1
1645000,-2686120.995340463,605331.5066296515,-2080789.4887108114,300.3671666989557,2241.5849159367,17.1
1650000,-2686440.754234314,603059.5065452278,-2083381.247689086,299.23979397735764,2243.3343592864358,17.1
1655000,-2685425.9088008385,602964.7260950491,-2082461.1827057893,299.19276365601,2242.2020631173264,17.1
1660000,-2684585.5086985137,604769.0395305421,-2079816.4691679715,300.08806896974363,2242.1037202315056,17.1
1665000,-2684876.7885233816,607141.2835672325,-2077735.504956149,301.2651830175262,2240.90103417025,17.1
1670000,-2687838.7566197272,604899.9974876118,-2082938.7591321154,300.1530506700036,2240.724129206885,17.1
1675000,-2686600.8484996688,606253.0334027463,-2080347.8150969225,300.82443083082427,2240.876495813697,17.1
1680000,-2683911.337630784,602912.524561652,-2080998.8130691322,299.1668611108556,2242.227061398746,17.1
1685000,-2684438.137728775,605766.8495601075,-2078671.2881686673,300.5831850643164,2241.9907252283224,17.1
1690000,-2688493.270969441,606396.3870024598,-2082096.8839669814,300.8955632832251,2238.67307129455,17.1
1695000,-2687490.191368282,603760.4401512636,-2083729.7512170183,299.58759917002186,2239.9194364907135,17.1
1700000,-2686591.9900989644,602657.0798521447,-2083934.9102468197,299.0401087399603,2242.222565481003,17.1
1705000,-2685537.7133181263,603019.6126423399,-2082518.1006757864,299.21999851247966,2243.629614792087,17.1
1710000,-2684955.968852835,600740.2769541733,-2084215.6918986614,298.0889858440291,2242.2899868241702,17.1
1715000,-2685379.6257629786,605840.8180505193,-2079538.8077124592,300.61988843370443,2243.112592309919,17.1
1720000,-2686548.829588486,603109.4825643597,-2083439.3470241262,299.26459221618234,2245.907776030378,17.1
1725000,-2685936.7151199263,601873.0588280874,-2084063.6562918387,298.6510753408239,2246.359995054127,17.1
1730000,-2685971.473756317,605704.4170218951,-2080267.056734422,300.5522058662947,2243.444883829153,17.1
1735000,-2682769.4747433346,605414.6585630676,-2077354.816180267,300.408426918145,2243.8973295659275,17.1
1740000,-2685938.450223455,604315.582643144,-2081622.8675803114,299.863062408882,2243.0991107336,17.1
1745000,-2685498.8962847088,603816.2105503755,-2081682.6857343332,299.61527259620806,2241.780628963486,17.1
1750000,-2685991.7393519264,607497.8971222172,-2078493.842229709,301.4421356491737,2241.465289899007,17.1
1755000,-2685125.3096501827,606661.2604564171,-2078464.0491937655,301.02699422317716,2240.8645362986235,17.1
1760000,-2688535.152106695,605299.4161593465,-2083235.7359473484,300.3512433188937,2241.448543347222,17.1
1765000,-2686185.538493922,604434.873143015,-2081750.665350907,299.92225468463164,2241.81028279796,17.1
1770000,-2681065.910623722,603343.7934259902,-2077722.1171977315,299.38085791334817,2241.7579039861776,17.1
1775000,-2686411.6920337807,603995.0912569093,-2082416.6007768714,299.70403369720844,2241.176863953435,17.1
1780000,-2688483.255239956,603354.9148563183,-2085128.3403836377,299.38637639781615,2241.067369130093,17.1
1785000,-2686296.0688945334,605405.9870839305,-2080890.081810603,300.4041241062296,2241.7238118378013,17.1
1790000,-2684059.221342759,605417.6578798315,-2078641.5634629277,300.4099151874132,2241.321343010728,17.1
1795000,-2688799.0185219217,605197.030230494,-2083601.9882914277,300.300439138007,2239.091268143064,17.1
1800000,-2686526.4004441407,605753.9194987521,-2080772.4809453886,300.5767691321338,2239.1360576542124,17.1
1805000,-2688070.248891866,605127.5997427264,-2082942.6491491394,300.26598753807394,2238.217471578254,17.1
1810000,-2687779.524659762,603954.4766987307,-2083825.0479610316,299.6838806411834,2240.590602065373,17.1
1815000,-2684897.833486231,606224.5772343385,-2078673.2562518925,300.8103108014087,2241.304079593864,17.1
1820000,-2687977.992604086,607654.1723946219,-2080323.8202094643,301.5196798712787,2240.913342518293,17.1
1825000,-2684805.7485531215,604451.3933934543,-2080354.3551596673,299.93045207856085,2239.848581009517,17.1
1830000,-2687930.3812564705,604782.5740391237,-2083147.8072173467,300.0947848303106,2240.1923848665124,17.1
1835000,-2684391.60966707,604246.9062653929,-2080144.7034016773,299.8289850004235,2240.552944559785,17.1
1840000,-2688019.543805534,604420.4270765726,-2083599.1167289615,299.9150865065346,2240.339167356216,17.1
1845000,-2685489.2392142303,604637.8530717599,-2080851.3861424704,300.02297388630234,2240.8854337997554,17.1
1850000,-2686949.2449889723,604165.6917910578,-2082783.5531979145,299.78868615378525,2242.276699836302,17.1
1855000,-2685229.7055710405,605609.3023225222,-2079620.4032485182,300.50500968957306,2243.7596986133067,17.1
1860000,-2686975.686578512,605374.947265986,-2081600.7393125263,300.38872206277284,2243.7416852252954,17.1
1865000,-2686476.2726380676,605183.0612040837,-2081293.2114339839,300.29350766849245,2240.9274190548754,17.1
1870000,-2685908.6114012487,605037.7541784323,-2080870.8572228164,300.22140592074203,2243.2858108145842,17.1
1875000,-2688888.9296146743,604314.5705996844,-2084574.3590149898,299.8625602301201,2241.6410482360143,17.1
1880000,-2685771.6676458344,606037.001520796,-2079734.6661250384,300.71723521389805,2242.472753541975,17.1
1885000,-2686179.4889963623,606050.8454715437,-2080128.6435248186,300.7241046205231,2242.7644254491884,17.1
1890000,-2688472.5248953663,604186.5700190024,-2084285.9548763637,299.79904598819786,2240.27349317269,17.1
1895000,-2687905.036086658,603695.1319345598,-2084209.904152098,299.5551930523844,2238.9788421951835,17.1
1900000,-2687070.918204073,604251.5226626517,-2082819.3955414211,299.8312756695028,2239.3482716861836,17.1
1905000,-2687030.235363217,604178.9947510172,-2082851.2406122,299.79528711928583,2238.969404346013,17.1
1910000,-2686481.5449251365,602822.4367931047,-2083659.1081320317,299.1221593111039,2238.401116071377,17.1
1915000,-2685275.354522379,606794.6978933883,-2078480.6566289908,301.09320624821737,2239.225294608218,17.1
1920000,-2684845.9536130223,605338.5664166121,-2079507.3871964102,300.3706697847585,2239.708265870725,17.1
1925000,-2686002.7860914953,605437.1779476816,-2080565.6081438137,300.41960109903306,2241.8603500059608,17.1
1930000,-2685347.4742691796,603971.1954636232,-2081376.2788055565,299.692176538533,2243.5305338230924,17.1
1935000,-2681516.0482313447,603010.5961061722,-2078505.4521251726,299.21552448231193,2241.1713006658706,17.1
1940000,-2685586.3190138433,604588.9153425628,-2080997.4036712805,299.99869084981304,2243.2214635106902,17.1
1945000,-2683551.8082161974,603725.2756436473,-2079826.5325725502,299.5701504441495,2239.9015964038717,17.1
1950000,-2685394.5352830384,603725.8066194777,-2081668.7286635607,299.57041391582413,2240.981498213537,17.1
1955000,-2686259.9973279852,604688.0913155084,-2081571.906012477,300.0479022417066,2241.539888664267,17.1
1960000,-2688216.795011664,603397.899406823,-2084818.895604841,299.40770545058393,2242.846931215858,17.1
1965000,-2686892.4952111114,604581.8728619786,-2082310.6223491328,299.99519635148204,2244.502086819426,17.1
1970000,-2684259.9561344627,605226.9867439161,-2079032.9693905467,300.31530364276546,2242.747200241884,17.1
1975000,-2685108.5333690047,605745.6152897049,-2079362.9180792999,300.57264856065206,2242.878299786427,17.1
1980000,-2686563.269892063,604677.7052398442,-2081885.564652219,300.0427486422554,2244.431101220957,17.1
1985000,-2684220.0818971377,602802.1795032903,-2081417.9023938472,299.11210758790776,2244.302989204609,17.1
1990000,-2683350.3925576787,603417.5925085378,-2079932.800049141,299.41747722208567,2241.517413316035,17.1
1995000,-2685519.2031435743,604272.3969382,-2081246.8062053742,299.8416335427254,2242.3477454192016,17.1
2000000,-2686473.4754755236,606310.5591106071,-2080162.9163649166,300.8529752460633,2241.2362648162893,17
2005000,-2687122.6359087713,604344.2413440561,-2082778.3945647152,299.877282935486,2239.1061347361106,17.1
2010000,-2685946.3200844247,606182.2508837663,-2079764.0692006582,300.7893083492667,2239.9259185853043,17.1
2015000,-2685057.1717219707,606747.6302156791,-2078309.5415062916,301.0698511364451,2242.145165049805,17.1
2020000,-2689250.433397822,604047.490469048,-2085202.942928774,299.7300343311008,2239.945288475224,17.1
2025000,-2684813.7060331646,603495.2380319051,-2081318.4680012595,299.4560051453893,2239.727825041643,17.1
2030000,-2686608.515864169,605243.7071274333,-2081364.808736736,300.3236003432811,2239.220675862057,17.1
2035000,-2687823.7046144195,604570.122695111,-2083253.5819193085,299.9893658862054,2240.0066756738834,17.1
2040000,-2686074.946944844,604668.3817388156,-2081406.5652060285,300.0381222952753,2238.5107981077585,17
2045000,-2686623.104192268,604798.0359724355,-2081825.0682198326,300.10245708435593,2239.861971133456,17
2050000,-2686928.090193402,604624.8780256177,-2082303.2121677843,300.0165356325441,2237.2569335406965,17
2055000,-2690686.4221344627,604120.6655263731,-2086565.7566080897,299.76634399679807,2238.8573296681525,17
2060000,-2688010.4131290857,605843.2930799918,-2082167.1200490938,300.62111655016946,2235.492732612979,17
2065000,-2686266.2251973245,602641.2169551603,-2083625.0082421643,299.03223752663234,2235.35722032775,17
2070000,-2686486.625546474,603150.7262644017,-2083335.8992820722,299.2850574541389,2238.288688736444,17
2075000,-2687489.108775366,605702.9464839204,-2081786.1622914458,300.5514761812871,2238.6425656266274,17
2080000,-2687573.5959641226,602606.197056182,-2084967.3989079406,299.0148605559658,2238.3281607403915,17
2085000,-2685668.301809691,604197.6541132745,-2081470.6476964164,299.8045459464116,2238.5689243362444,17
2090000,-2686534.589561386,603044.2772410006,-2083490.3123203856,299.23223715450695,2243.3972218608337,17
2095000,-2686491.3008699045,605768.3495063039,-2080722.9513636006,300.5839293417649,2244.1997330116646,17
2100000,-2683528.4886120073,604072.9415215605,-2079455.5470904468,299.74266321370305,2242.429852102257,17
2105000,-2684544.176174797,604663.8265892233,-2079880.3495855737,300.03586201745736,2244.2715036926115,17
2110000,-2685485.1884026825,605184.1372479645,-2080301.051154718,300.29404160444017,2243.6477462202142,17
2115000,-2689980.1931099743,602700.5509450538,-2087279.6421649205,299.06167921641395,2242.0065627394924,17
2120000,-2685161.6895416435,605185.5861999916,-2079976.1033416518,300.2947605784409,2241.18911696933,17
2125000,-2687337.0905723535,605566.6339296179,-2081770.4566427355,300.4838375150804,2241.8753051133563,17
2130000,-2685864.8723707367,605565.3233655777,-2080299.549005159,300.48318720958133,2240.9072665901867,17
2135000,-2690162.295962831,604901.765383756,-2085260.530579075,300.15392790495673,2241.0144483065496,17
2140000,-2684117.3449452,605929.0689477533,-2078188.2759974464,300.66367877283346,2242.6891651107767,17
2145000,-2686991.32677936,606016.710310734,-2080974.616468626,300.7071666593813,2243.5234358362177,17
2150000,-2685707.691704074,606380.6409765162,-2079327.0507275579,300.8877500616305,2243.401134297517,17
2155000,-2684700.8661584426,604537.911542118,-2080162.9546163245,299.97338262306005,2241.0512600922625,17
2160000,-2686058.5317759924,604821.617776884,-2081236.9139991084,300.1141584409024,2240.0783397247737,17
2165000,-2686626.49805923,603620.3836883836,-2083006.1143708462,299.51810276603095,2239.434447514915,17
2170000,-2687074.386960106,602769.6992764205,-2084304.6876836854,299.09599080956104,2240.473427028874,17
2175000,-2686224.2977092396,604048.8857473787,-2082175.411961861,299.7307266720649,2242.490032496729,17
2180000,-2686232.1266222205,606102.1286771179,-2080129.9979451026,300.7495514888735,2240.6720718504616,17
2185000,-2684576.868112862,604403.2496912533,-2080173.6184216088,299.90656304046166,2242.082810718293,17
2190000,-2684546.4334287457,605371.0398356216,-2079175.393593124,300.3867831850261,2243.37627826319,17
2195000,-2684758.952320723,602043.0693098045,-2082715.8830109183,298.73543501175334,2242.767109286656,17
2200000,-2684949.7272114884,603500.1159614146,-2081449.6112500736,299.4584255874943,2244.337799308752,17
2205000,-2684147.7458957788,603693.102459919,-2080454.6434358596,299.5541860214583,2244.9310461179134,17
2210000,-2688455.406948125,603860.2395391215,-2084595.1674090035,299.637119902118,2243.3816494276844,17
2215000,-2685483.122970579,606017.4028305864,-2079465.720139993,300.70751028964617,2243.429336724049,17
2220000,-2685386.2936164234,604785.4411609266,-2080600.8524554968,300.09620750407373,2244.0595464244834,17
2225000,-2682955.1507037655,605391.4213478039,-2077563.7293559616,300.3968965477045,2244.2957008655685,17
2230000,-2684960.9164733402,604383.0980816715,-2080577.8183916686,299.89656375608905,2244.37996663321,17
2235000,-2683839.539426429,604917.126211236,-2078922.4132151932,300.1615499900089,2246.2585650751953,17
2240000,-2687442.344770074,603143.9957005118,-2084298.349069562,299.2817177297338,2243.900955439284,17
2245000,-2685001.417118186,602407.8899594301,-2082593.527158756,298.9164600264456,2244.1210670941296,17
2250000,-2685634.212949531,602891.9496857285,-2082742.2632638025,299.1566518005544,2247.1789525083095,17
2255000,-2685961.2809356116,605033.1578677119,-2080928.1230678996,300.2191252186586,2242.3527662571373,17
2260000,-2685632.0099032354,606131.3773206926,-2079500.6325825427,300.7640647466573,2242.3066592694718,17
2265000,-2685125.6950691584,605499.5550246967,-2079626.1400444617,300.4505527770554,2242.2497087691104,17
2270000,-2685084.8521909695,604288.7444034482,-2080796.1077875213,299.8497452001653,2242.914351804384,17
2275000,-2688037.9439225383,605194.2896419403,-2082843.654280598,300.29907925039174,2241.8123778345234,17
2280000,-2685604.25034683,602615.7815267493,-2082988.4688200809,299.0196163967524,2242.5060276128397,17
2285000,-2685613.3986736126,605116.5742765339,-2080496.8243970787,300.2605166712753,2240.5559339392767,17
2290000,-2684865.546575643,603019.9633659752,-2081845.5832096678,299.2201725425169,2241.112829586316,17
2295000,-2688901.643562982,603160.5438950744,-2085741.0996679075,299.2899289896142,2240.8240259063573,17
2300000,-2688461.705133738,604228.103608529,-2084233.601525209,299.81965507011785,2240.3608841711143,17
2305000,-2684886.671527747,602063.4695270401,-2082823.202000707,298.7455576559309,2239.8395000732985,17
2310000,-2688619.265420215,604594.1117157473,-2084025.153704468,300.00126930454974,2240.826414551731,17
2315000,-2685899.7673929464,605828.9591389424,-2080070.808254004,300.61400400900243,2238.372863327716,17
2320000,-2685073.4190971386,604560.8128137359,-2080512.6062834025,299.984746297335,2239.0810686503414,17
2325000,-2683424.1307562925,605352.6996770068,-2078071.4310792857,300.37768274763005,2242.549154958209,17
2330000,-2684428.038052477,604248.4769048295,-2080179.5611476474,299.8297643560531,2241.9526618308296,17
2335000,-2686219.541638486,604128.9300242232,-2082090.611614263,299.770444863474,2241.7531572184535,17
2340000,-2684787.3570679426,606171.7065886166,-2078615.650479326,300.78407624086947,2240.8465688525353,17
2345000,-2683019.5449226275,605367.7701076351,-2077651.7748149924,300.3851607369618,2242.2738210106704,17
2350000,-2684674.37533048,603944.9816422639,-2080729.3936882159,299.6791691679207,2244.0127195301816,17
2355000,-2685420.401536908,606388.879066667,-2079031.522470241,300.8918378247331,2243.7127603862664,17
2360000,-2686535.0800002553,606856.1652871831,-2079678.9147130721,301.1237065389115,2242.6691589605334,17
2365000,-2686341.47231669,603975.4679350491,-2082366.0043816408,299.6942965506634,2242.063560915701,17
2370000,-2685707.09517451,605125.1145025196,-2080581.9806719904,300.2647543550142,2239.1589669153145,17
2375000,-2683218.259890437,605657.949544271,-2077560.3103461661,300.5291485754635,2242.9340907865558,17
2380000,-2683871.99215528,602423.3316397512,-2081448.6605155286,298.92412223090105,2244.8975933205083,17
2385000,-2685249.852392176,604330.5273374758,-2080919.3250547005,299.87047800751594,2243.470333261334,17
2390000,-2685077.8219794277,606461.1292999156,-2078616.692679512,300.9276885901675,2243.938761733349,17
2395000,-2685660.966016926,606391.8337897009,-2079269.132227225,300.89330396646926,2244.1985972414054,17
2400000,-2685166.1128442306,605928.2590842574,-2079237.8537599733,300.6632769163283,2246.361085519362,17
2405000,-2685603.5982163083,604221.7396596051,-2081381.8585567032,299.8164972610722,2244.0795017676874,17
2410000,-2683527.9866761323,603082.5700946366,-2080445.4165814957,299.2512381743209,2243.1582295258154,17
2415000,-2684765.663268324,603080.0698366069,-2081685.5934317173,299.2499975393759,2243.339983503374,17
2420000,-2683978.121563522,606355.5153425036,-2077622.6062210186,300.8752826525873,2245.2653318170096,17
2425000,-2684856.5595821664,602395.1770751349,-2082461.3825070313,298.91015185812046,2243.984216926859,17
2430000,-2684541.8171893638,605310.9659500528,-2079230.851239311,300.3569743569653,2246.0821745575577,17
2435000,-2683937.038279975,605661.9778885399,-2078275.060391435,300.5311474510239,2245.586481903457,17
2440000,-2682702.439616505,605289.0509207685,-2077413.3886957364,300.34610005886225,2243.200102580693,17
2445000,-2681771.40937043,605845.0693036333,-2075926.3400667966,300.6219979172498,2244.2676647137023,17
2450000,-2684505.421130419,603969.939594164,-2080535.4815362548,299.6915533726361,2243.5672158064003,17
2455000,-2686840.37737019,603715.9116289115,-2083124.4657412784,299.5655039941559,2242.7278592652606,17
2460000,-2683623.934815107,603320.0616508235,-2080303.8731642836,299.3690821409169,2244.410043424488,17
2465000,-2684018.9487215225,605092.0067339302,-2078926.9419875923,300.24832618873177,2243.0096347331564,17
2470000,-2688059.9000520315,605739.8028644291,-2082320.0971876024,300.5697644191649,2242.6393136815527,17
2475000,-2686944.304792363,604359.6854046979,-2082584.6193876653,299.8849463210631,2244.194245675546,17
2480000,-2688479.0705391057,603531.8853849627,-2084947.185154143,299.47418966326813,2242.4552573219703,17
2485000,-2683394.1047666203,605649.7606458783,-2077744.344120742,300.52508522144734,2244.4202641709217,17
2490000,-2680861.362963207,604536.4357044867,-2076324.9272587204,299.9726503083483,2243.3922433704756,17
2495000,-2682703.4463829603,605675.8658664456,-2077027.5805165148,300.53803870404647,2241.3135787357587,17
2500000,-2686922.258663032,605793.9110459131,-2081128.347617119,300.59661304836993,2243.2640377379375,17
