#"Step","Potential Energy (kJ/mole)","Kinetic Energy (kJ/mole)","Total Energy (kJ/mole)","Temperature (K)","Box Volume (nm^3)","Speed (ns/day)"
5000,-2652913.804451106,602113.2059208702,-2050800.598530236,299.10835824993404,2338.335383330233,0
10000,-2653516.9725036733,605343.1326923696,-2048173.8398113037,300.7128706313112,2327.2200905667005,17.1
15000,-2659136.8096085917,604654.5369107181,-2054482.2726978736,300.37080081500045,2310.2140894505187,17
20000,-2663790.7933321055,601353.6246672792,-2062437.1686648263,298.73102538381374,2297.815725851071,17
25000,-2663283.1570278388,604659.3922588663,-2058623.7647689725,300.3732127787293,2287.9910712889427,17
30000,-2664628.481850235,605238.5875305336,-2059389.8943197012,300.6609363249179,2279.4912099831454,17
35000,-2669685.01625189,603313.5689436843,-2066371.4473082055,299.70465577260467,2272.595553154518,16.9
40000,-2670793.019870527,604655.3673950662,-2066137.652475461,300.3712133699942,2263.10437163586,16.9
45000,-2673588.0461691115,604973.1933702055,-2068614.8527989062,300.5290979749128,2255.952027718621,16.9
50000,-2674898.4511407334,603150.6818570724,-2071747.7692836612,299.62373927953075,2253.1837901861854,16.9
55000,-2677546.3584256787,604848.756856811,-2072697.6015688677,300.4672823547574,2252.860481509427,16.9
60000,-2676869.0498779174,603648.1672258899,-2073220.8826520275,299.87087226126425,2251.778362685774,16.9
65000,-2679924.286589427,604944.0211421156,-2074980.2654473113,300.514606252817,2249.272723657342,16.8
70000,-2676887.405714305,603519.7332179525,-2073367.6724963526,299.80707082844424,2248.4484604349072,16.8
75000,-2677951.2206002586,605276.7812446947,-2072674.4393555638,300.67990959942153,2248.8718718311693,16.8
80000,-2676841.8983488083,603013.4999822548,-2073828.3983665535,299.55559221855475,2248.149138978576,16.7
85000,-2677413.452955013,604483.8822771251,-2072929.570677888,300.2860256817202,2246.4653328503528,16.7
90000,-2679168.605682686,602504.5034485059,-2076664.10223418,299.30274090078353,2245.2473178759324,16.7
95000,-2678125.0565918777,604131.8543471736,-2073993.2022447041,300.1111507659228,2245.4885888657254,16.7
100000,-2677992.0223717056,606164.1592462471,-2071827.8631254584,301.1207273303422,2244.5103414914024,16.7
105000,-2677441.044587478,601873.8883641022,-2075567.1562233758,298.9894738262055,2246.6337722233898,16.6
110000,-2678311.1773297656,605284.6333002637,-2073026.544029502,300.6838102204792,2245.8937298157994,16.6
115000,-2680415.3435595836,605129.0179078709,-2075286.3256517127,300.60650604565075,2246.20362399606,16.6
120000,-2680041.4896101635,603624.0464995715,-2076417.443110592,299.85888994501886,2244.130909069197,16.6
125000,-2678159.5480751265,602459.0739263694,-2075700.474148757,299.28017313503995,2243.1938998312326,16.6
130000,-2678703.421850836,603464.7483238813,-2075238.6735269546,299.77975629484416,2243.5344300771935,16.6
135000,-2679233.07914746,603159.837836777,-2076073.241310683,299.62828764357704,2244.9448035059368,16.6
140000,-2678328.335766593,605076.867714531,-2073251.468052062,300.58059969023634,2244.2614578402627,16.6
145000,-2679050.8792046327,604919.287903276,-2074131.5913013567,300.50231966220446,2242.5395099752295,16.6
150000,-2678780.2032127846,603602.6305592185,-2075177.572653566,299.84825126993854,2243.015411946815,16.5
155000,-2678185.368039407,603854.4650875733,-2074330.9029518336,299.97335367856556,2244.8358773966092,16.5
160000,-2677422.65618263,604089.9058537082,-2073332.7503289217,300.0903122510254,2244.5102137974636,16.5
165000,-2681037.732463995,605166.3901251171,-2075871.3423388777,300.62507122979673,2245.4230755369767,16.5
170000,-2675689.0506132357,604834.4521708117,-2070854.598442424,300.4601762971216,2244.7880341554514,16.5
175000,-2676853.6905082315,603529.1418479437,-2073324.5486602879,299.8117447001388,2244.7316610964817,16.5
180000,-2678681.9280403834,602023.1631500504,-2076658.764890333,299.06362821397516,2243.617500705362,16.5
185000,-2680024.7237641253,602238.1386257024,-2077786.585138423,299.1704203602924,2241.9411083449586,16.5
190000,-2678435.8288300745,604553.9726229714,-2073881.856207103,300.3208440648234,2244.4831373688653,16.4
195000,-2681146.4575317744,602174.6553731307,-2078971.8021586437,299.13888414539736,2245.417266895228,16.4
200000,-2677165.244243305,603542.0857163807,-2073623.1585269244,299.81817475216144,2243.4952306802534,16.4
205000,-2676782.8435040377,603004.9509550445,-2073777.8925489932,299.5513453668525,2244.5332181021936,16.4
210000,-2676087.2726287097,601532.4901236721,-2074554.7825050377,298.8198793609117,2244.990019401602,16.4
215000,-2675963.582243575,603125.8239112769,-2072837.758332298,299.6113907389519,2244.5916144593357,16.4
220000,-2678177.4275554735,604791.2377068545,-2073386.189848619,300.43870889325177,2242.95881925741,16.4
225000,-2678272.7367113996,604388.5357539736,-2073884.2009574259,300.2386609308324,2245.0645902798774,16.4
230000,-2677190.6831617,605061.5428019529,-2072129.1403597472,300.57298682043626,2243.094810497475,16.4
235000,-2677668.4785537515,603144.15738876,-2074524.3211649915,299.62049815645594,2240.308767997591,16.4
240000,-2677500.2272172645,602409.74294653,-2075090.4842707345,299.2556672643075,2242.4477046738766,16.4
245000,-2679629.1952103935,603736.2960935235,-2075892.89911687,299.91465153840534,2242.4787195237213,16.3
250000,-2678579.831367977,605421.8425880899,-2073157.988779887,300.7519708992598,2243.7970994014413,16.3
255000,-2677420.995726751,603154.5742086513,-2074266.4215181,299.6256728609222,2240.9353796200753,16.3
260000,-2680434.2288433257,604554.2726835405,-2075879.9561597854,300.3209931242084,2241.6379427538923,16.3
265000,-2677478.1816043295,602810.1358478607,-2074668.0457564688,299.4545681723,2242.2381199967276,16.3
270000,-2677846.607842222,605599.3254139129,-2072247.2824283089,300.84013803482077,2243.7842294733355,16.3
275000,-2679574.251409594,601748.1796013766,-2077826.0718082173,298.9270261979742,2242.8166879017904,16.3
280000,-2678077.918951245,602595.796931938,-2075482.122019307,299.34809224614486,2242.547900820263,16.3
285000,-2679933.815867711,602788.0185187488,-2077145.7973489622,299.44358107230875,2241.5720285804377,16.3
290000,-2678973.4411073234,602633.071821095,-2076340.3692862284,299.3666090811686,2242.4922093068362,16.3
295000,-2679091.859801065,603652.4515050253,-2075439.4082960398,299.87300053828244,2241.431896271974,16.3
300000,-2682972.604975477,604483.4156076211,-2078489.189367856,300.28579385696065,2241.42752953526,16.3
305000,-2679807.812277537,603661.123771184,-2076146.6885063527,299.87730861069724,2243.416660401179,16.3
310000,-2675780.4373929407,604663.6793718843,-2071116.7580210564,300.3753424635192,2243.1990568914307,16.3
315000,-2679515.8471094184,604657.7297000559,-2074858.1174093625,300.3723868788298,2242.5436076120322,16.3
320000,-2681270.8465655856,605262.7422055043,-2076008.1043600813,300.67293550564256,2241.7594697602854,16.3
325000,-2677969.034555439,602868.1236774144,-2075100.9108780245,299.48337445710774,2241.3807114982496,16.3
330000,-2679998.9703464694,604083.2489055414,-2075915.721440928,300.0870053166855,2240.573140572861,16.3
335000,-2680159.979770191,602431.1203475127,-2077728.8594226784,299.26628679440364,2239.810502809779,16.3
340000,-2679342.98539662,603781.7840958417,-2075561.2013007782,299.9372483550167,2241.194691515867,16.3
345000,-2676617.5434673484,604868.2148807584,-2071749.32858659,300.4769484068228,2242.2233436834767,16.3
350000,-2676153.9185420256,602941.3545343383,-2073212.5640076874,299.51975293406593,2243.0298189038876,16.2
355000,-2679825.942307776,602859.6870703563,-2076966.2552374196,299.4791834517262,2241.854906333663,16.2
360000,-2679976.651438875,602634.9361156631,-2077341.715323212,299.367535196195,2241.882051316498,16.2
365000,-2678703.16432471,604065.0227667424,-2074638.1415579678,300.0779512212102,2241.903334775833,16.2
370000,-2681286.259957101,603793.3541733305,-2077492.9057837706,299.942995956711,2241.3205789965446,16.2
375000,-2680282.181661647,605165.5676679591,-2075116.6139936876,300.62466266242467,2241.2015437110817,16.2
380000,-2678361.544529889,604971.9809526475,-2073389.5635772413,300.52849568912717,2240.5507424641487,16.2
385000,-2679412.6192594934,604277.7606105896,-2075134.8586489037,300.183631791882,2242.6165870109567,16.2
390000,-2682027.663051592,601849.2989878537,-2080178.3640637384,298.97725870139544,2241.315501534386,16.2
395000,-2677177.443366766,602002.7052112466,-2075174.7381555194,299.05346543988446,2241.2149947722937,16.2
400000,-2679687.294479547,603650.4121838086,-2076036.8822957384,299.8719874762618,2244.249255323382,16.2
405000,-2675859.1155893095,604055.5260093127,-2071803.5895799967,300.07323357094845,2244.383520389086,16.2
410000,-2679303.2527977433,604242.6175514654,-2075060.6352462778,300.16617397395817,2244.7866553241606,16.2
415000,-2678759.9977930877,603205.398941973,-2075554.5988511147,299.65092077508984,2242.6136420997036,16.2
420000,-2678973.0322634354,603810.302569145,-2075162.7296942906,299.95141531505953,2242.8606371230053,16.2
425000,-2679854.923273163,604249.1029150246,-2075605.8203581383,300.1693956711868,2241.4068614414973,16.2
430000,-2676936.513245119,604137.7714445873,-2072798.7418005315,300.1140901688052,2241.6943499098566,16.2
435000,-2680302.014984673,607654.6792224329,-2072647.33576224,301.86116447510443,2243.0085199924883,16.2
440000,-2679034.420968646,603991.4357348434,-2075042.9852338028,300.0413958092322,2243.9908657103047,16.2
445000,-2678363.663956031,602920.5788045162,-2075443.085151515,299.50943229273565,2241.4688332665837,16.2
450000,-2677929.6411072183,604003.890520065,-2073925.7505871532,300.0475829021632,2241.821566823233,16.2
455000,-2678564.270437341,603542.9466169053,-2075021.323820436,299.8186024168265,2243.635644767302,16.2
460000,-2680214.31152658,603923.0045379023,-2076291.3069886775,300.0074016321093,2243.150265804006,16.2
465000,-2674819.3041520678,602743.0185967375,-2072076.28555533,299.4212267165799,2242.6034537728265,16.2
470000,-2677914.4140821956,603525.6232662012,-2074388.7908159944,299.80999679426657,2242.258305560684,16.2
475000,-2678569.721397033,603971.2791973372,-2074598.4421996959,300.0313827605527,2241.8676423658585,16.2
480000,-2678371.302384807,605079.3201282022,-2073291.9822566046,300.5818179618499,2243.230276330045,16.2
485000,-2678127.6919350326,604490.5167273547,-2073637.1752076778,300.2893214398875,2243.964216444871,16.2
490000,-2676430.9325759374,602859.4298089036,-2073571.5027670339,299.4790556534152,2243.0504785762046,16.2
495000,-2681198.1815203205,604525.7409458766,-2076672.440574444,300.3068195749045,2243.421388857999,16.2
500000,-2676112.6122011915,603203.7127135728,-2072908.8994876188,299.65008311698267,2241.763455359346,16.2
