#"Step","Potential Energy (kJ/mole)","Kinetic Energy (kJ/mole)","Total Energy (kJ/mole)","Temperature (K)","Box Volume (nm^3)","Speed (ns/day)"
5000,-2697487.8049770147,606358.1997489234,-2091129.6052280911,301.2171197290121,2241.6979960813587,0
10000,-2694427.274925079,605060.3459658583,-2089366.9289592209,300.5723922749657,2237.45007782424,16.4
15000,-2694017.8453096356,603471.1663799034,-2090546.6789297322,299.78294455608983,2237.4689340739346,16.5
20000,-2699550.4240073822,604140.6640126279,-2095409.7599947543,300.1155270934055,2234.4772134943173,16.3
25000,-2698562.9095246773,602468.4118259589,-2096094.4976987184,299.28481187039444,2238.910377649503,16.3
30000,-2697638.68381189,603784.1609072761,-2093854.522904614,299.9384290701364,2233.042484927037,16.4
35000,-2698351.907606313,603157.9589955658,-2095193.9486107472,299.6273543022974,2233.1956463130573,16.4
40000,-2697933.0189716704,604534.7781436004,-2093398.2408280699,300.31130893230073,2235.987252435311,16.5
45000,-2699942.2822762206,603980.4652547907,-2095961.81702143,300.03594606615155,2232.2129201126463,16.4
50000,-2700995.5758860055,604375.5074177741,-2096620.0684682315,300.232188918239,2229.6329934527034,16.4
55000,-2699716.827221114,602619.4066572746,-2097097.4205638396,299.3598207153342,2231.20262653845,16.4
60000,-2697596.605473567,603791.2412625188,-2093805.364211048,299.9419463380051,2235.023751302844,16.4
65000,-2696322.2087657023,602795.170438959,-2093527.0383267433,299.4471338910999,2237.2296426331136,16.5
70000,-2702384.888873145,602099.369402728,-2100285.519470417,299.10148476138625,2230.930746206746,16.4
75000,-2699026.1754181217,603112.3300947656,-2095913.845323356,299.60468749234724,2229.02407916374,16.5
80000,-2698515.6617799867,603681.9384032385,-2094833.7233767482,299.88764857726864,2229.183481796874,16.4
85000,-2700234.5749407243,602904.0714409406,-2097330.5034997836,299.501232023468,2230.9659708720133,16.5
90000,-2700824.3710456677,603535.4071486911,-2097288.963896977,299.81485707801403,2232.161173291959,16.4
95000,-2700975.8072295953,606009.6948155332,-2094966.112414062,301.0439949122114,2230.7806635405245,16.4
100000,-2702604.65486861,603052.9877386335,-2099551.6671299767,299.5752083270627,2229.6703531600506,16.4
105000,-2696310.9984951895,605108.9201828361,-2091202.0783123532,300.59652221290867,2239.229176643674,16.4
110000,-2699294.521389222,602255.5850627107,-2097038.9363265112,299.1790871277367,2233.2089362059764,16.4
115000,-2701607.274860544,604531.4941388207,-2097075.7807217236,300.30967755589427,2235.5720891311826,16.4
120000,-2701907.6628410444,604931.6959466917,-2096975.9668943528,300.50848353547394,2233.8712619606936,16.4
125000,-2698739.735355912,606773.3511904259,-2091966.3841654859,301.4233521532005,2232.0029392658553,16.4
130000,-2701621.076097613,604130.8051054004,-2097490.270992213,300.1106295400451,2232.475227457854,16.4
135000,-2700709.1900332607,604276.9039678605,-2096432.2860654,300.18320624233786,2236.6281193233935,16.5
140000,-2699385.580572225,603709.7701375411,-2095675.8104346842,299.9014743898777,2231.810588993685,16.4
145000,-2699392.7099338956,604288.4592531815,-2095104.2506807141,300.1889464958109,2232.5393520918765,16.4
150000,-2700756.702044748,605435.2657921863,-2095321.4362525614,300.7586390681361,2234.6588550772312,16.4
155000,-2699579.2310352083,603505.8655055612,-2096073.365529647,299.8001818437064,2230.663960059592,16.4
160000,-2699260.2180153113,601849.655024562,-2097410.5629907493,298.9774355677294,2235.3275529449606,16.4
165000,-2702918.7307625897,604072.3226495584,-2098846.408113031,300.08157754254484,2233.329816745849,16.4
170000,-2701983.7092680503,604376.7142444744,-2097606.9950235756,300.23278842668606,2230.4535604761677,16.4
175000,-2700407.377070293,602432.9306222451,-2097974.4464480476,299.26718607430297,2234.258392894157,16.4
180000,-2702412.6773551684,602620.4381818502,-2099792.2391733183,299.3603331399402,2231.959389632013,16.4
185000,-2701209.0651988126,602723.9274101378,-2098485.137788675,299.4117428962207,2233.765858483914,16.4
190000,-2699124.3381009176,604714.3753616548,-2094409.9627392627,300.40052642248406,2233.6348066096866,16.4
195000,-2699239.645409977,605126.9032891879,-2094112.7421207891,300.60545557853527,2233.632990279811,16.4
200000,-2699582.7132474408,605477.258654756,-2094105.4545926847,300.7794996240215,2236.185723624872,16.4
205000,-2699927.6710255574,602776.1872324,-2097151.4837931574,299.43770371137236,2235.662584122862,16.4
210000,-2702255.9274438377,601916.9263037588,-2100339.001140079,299.0108535391009,2236.123820895539,16.4
215000,-2698759.2537795696,603153.3232052529,-2095605.9305743168,299.62505140706764,2230.215101172512,16.4
220000,-2700033.292405838,604904.8027981692,-2095128.489607669,300.4951239787932,2229.876839131566,16.4
225000,-2698444.5939634517,605353.3342299291,-2093091.2597335225,300.7179383911959,2229.98769387785,16.4
230000,-2700530.463433448,603792.5771203503,-2096737.886313098,299.94260994451446,2229.346497914032,16.4
235000,-2698903.926890483,604916.1517961804,-2093987.7750943028,300.50076175609075,2232.168932681902,16.4
240000,-2703041.5780143235,604995.5862914429,-2098045.991722881,300.54022197923933,2229.4917383706265,16.4
245000,-2698109.779302897,604396.6343747174,-2093713.1449281797,300.24268403667185,2235.588376718433,16.4
250000,-2701587.390455311,606074.3010089976,-2095513.0894463137,301.07608896407714,2233.732079757386,16.4
255000,-2702373.3643169347,604387.1312985411,-2097986.2330183936,300.2379632474823,2231.4690033027355,16.4
260000,-2700470.900555862,605667.4605543463,-2094803.4400015157,300.87398514163357,2232.92950411621,16.4
265000,-2700653.7272572108,604690.624567295,-2095963.1026899158,300.388727875237,2231.9767916711385,16.4
270000,-2699329.6753625683,603427.2482074089,-2095902.4271551594,299.76112757492587,2229.936487479868,16.4
275000,-2700144.525439441,603508.7660763669,-2096635.7593630743,299.80162274379484,2231.894620719482,16.4
280000,-2699996.018745236,603394.1829609534,-2096601.8357842825,299.7447019402027,2233.0831617764197,16.4
285000,-2704572.5704550967,602154.7070492815,-2102417.8634058153,299.12897452983384,2228.897393080648,16.4
290000,-2701754.8854811452,605061.7077126352,-2096693.17776851,300.5730687421795,2228.989699474288,16.4
295000,-2701782.958169963,603547.7524017803,-2098235.205768183,299.82098975928955,2230.2031034909846,16.4
300000,-2700796.508864023,604298.5700869793,-2096497.9387770435,300.1939691973031,2233.46377279747,16.4
305000,-2702108.1311826855,604828.0575182517,-2097280.073664434,300.45699966188096,2234.0895713805517,16.4
310000,-2698584.7412198316,605804.0964360334,-2092780.6447837981,300.94186097270244,2233.4907419034403,16.4
315000,-2701498.257710563,603807.555617519,-2097690.7020930443,299.95005072749865,2232.0213558349797,16.4
320000,-2698525.3399250954,605964.1063256874,-2092561.233599408,301.0213481769815,2233.49901895744,16.4
325000,-2700485.1583310254,602506.9460724728,-2097978.2122585527,299.30395430922135,2233.7812762778676,16.4
330000,-2701868.4679116197,606214.3310805279,-2095654.1368310917,301.1456509075608,2230.264023709807,16.4
335000,-2703674.565263953,602955.2375305612,-2100719.327733392,299.52664951126593,2230.356307412951,16.4
340000,-2701722.4370456506,602907.0719391876,-2098815.365106463,299.5027225639441,2232.0638893229684,16.4
345000,-2700340.031978622,605780.2508769,-2094559.781101722,300.93001534969704,2233.858643309047,16.4
350000,-2699293.127746083,605267.1139880104,-2094026.0137580724,300.67510725121326,2234.142969231927,16.4
355000,-2703271.107197782,604441.5775137824,-2098829.5296839997,300.2650101846589,2228.882905782617,16.4
360000,-2698645.6618856974,604493.7310791548,-2094151.9308065427,300.2909182151788,2230.1877384673135,16.4
365000,-2705018.3765477818,605085.7000521006,-2099932.676495681,300.58498728041695,2232.7110508797,16.4
370000,-2701791.373420134,605614.221975799,-2096177.1514443352,300.84753811527986,2230.078663195146,16.4
375000,-2700631.7210041136,602875.9981586854,-2097755.722845428,299.48728621845413,2235.7806595283196,16.4
380000,-2702017.0010238066,601048.6776416269,-2100968.3233821797,298.5795385814996,2226.6234883287852,16.4
385000,-2701025.2999007963,604801.6863184816,-2096223.6135823147,300.44389939071806,2229.693461529762,16.4
390000,-2699228.1287581697,605880.3734215603,-2093347.7553366094,300.9797526576694,2234.0690903032073,16.4
395000,-2702341.1890738774,604085.6052594198,-2098255.5838144575,300.08817586922135,2228.643026065109,16.4
400000,-2701138.9110927153,604185.7243139322,-2096953.186778783,300.13791144341286,2231.8685742087446,16.4
405000,-2700030.179811161,603323.0701649629,-2096707.109646198,299.7093756403472,2233.9517577772285,16.4
410000,-2700420.6883761194,602311.1543074383,-2098109.5340686813,299.20669194589425,2234.7002059689275,16.4
415000,-2697865.809501147,601792.9431320339,-2096072.8663691129,298.9492631229125,2234.0937045699034,16.4
420000,-2702952.160805151,605501.2050992413,-2097450.9557059095,300.7913953632704,2234.0917574636737,16.4
425000,-2701841.6213188656,603045.5181258525,-2098796.103193013,299.5714976899371,2232.662278376542,16.4
430000,-2700383.108839523,604545.8174679498,-2095837.2913715732,300.31679287477175,2233.640096084346,16.4
435000,-2699386.708674906,604023.5645911511,-2095363.1440837546,300.05735627873884,2233.536419086865,16.4
440000,-2701093.202449525,603841.3614104891,-2097251.8410390355,299.96684423930867,2235.0084809686596,16.4
445000,-2696815.8438544385,605636.8854803889,-2091178.9583740495,300.858796535762,2233.6795968994593,16.4
450000,-2701844.1052503083,605149.3931408778,-2096694.7121094305,300.6166277344524,2229.709154653812,16.4
455000,-2701028.723245073,604338.2648420125,-2096690.4584030607,300.2136881353572,2232.262883948183,16.4
460000,-2701188.714905858,605199.9442657265,-2095988.7706401316,300.6417397296926,2235.8751272275576,16.4
465000,-2700828.147334963,601873.8210741159,-2098954.326260847,298.9894403989411,2230.8334360926224,16.4
470000,-2702308.756528221,604886.3028796612,-2097422.4536485597,300.48593387932635,2231.0871582151376,16.4
475000,-2702186.1866111234,604884.0784500316,-2097302.108161092,300.4848288620505,2232.09605907308,16.4
480000,-2700136.510487942,602519.7904663921,-2097616.72002155,299.3103349458526,2236.3537975793574,16.4
485000,-2700092.244265873,602886.0909366799,-2097206.153329193,299.4922999504673,2234.996242902622,16.4
490000,-2701067.447100254,605049.6502471942,-2096017.7968530594,300.5670790235398,2231.452119048344,16.4
495000,-2700889.221151352,604346.3936689657,-2096542.8274823863,300.21772624656376,2233.727795648712,16.4
500000,-2701349.36083062,600564.5109247229,-2100784.849905897,298.33902183084814,2233.956043156924,16.4
